<?xml version="1.0" encoding="UTF-8"?>
<testng-results skipped="0" failed="0" ignored="0" total="2" passed="2">
  <reporter-output>
  </reporter-output>
  <suite name="Default suite" duration-ms="27" started-at="2023-09-24T07:30:08Z" finished-at="2023-09-24T07:30:08Z">
    <groups>
    </groups>
    <test name="Default test" duration-ms="27" started-at="2023-09-24T07:30:08Z" finished-at="2023-09-24T07:30:08Z">
      <class name="BasicPrograms.Factorial">
        <test-method status="PASS" signature="factorial()[pri:0, instance:BasicPrograms.Factorial@97e1986]" name="factorial" duration-ms="8" started-at="2023-09-24T13:00:08Z" finished-at="2023-09-24T13:00:08Z">
          <reporter-output>
          </reporter-output>
        </test-method> <!-- factorial -->
        <test-method status="PASS" signature="factorialSum()[pri:0, instance:BasicPrograms.Factorial@97e1986]" name="factorialSum" duration-ms="2" started-at="2023-09-24T13:00:08Z" finished-at="2023-09-24T13:00:08Z">
          <reporter-output>
          </reporter-output>
        </test-method> <!-- factorialSum -->
      </class> <!-- BasicPrograms.Factorial -->
    </test> <!-- Default test -->
  </suite> <!-- Default suite -->
</testng-results>
